<?xml version="1.0" encoding="UTF-8"?>
<!-- Generated by org.testng.reporters.JUnitReportReporter -->
<testsuite skipped="0" hostname="QKNBK474" name="com.qaprosoft.carina.demo.MobileSampleTest1" tests="1" failures="0" timestamp="13 Feb 2020 12:31:48 GMT" time="81.877" errors="0">
  <testcase name="testLoginUser" time="81.877" classname="com.qaprosoft.carina.demo.MobileSampleTest1"/>
</testsuite> <!-- com.qaprosoft.carina.demo.MobileSampleTest1 -->
